<?xml version="1.0" encoding="UTF-8"?>
<!-- Generated by org.testng.reporters.JUnitXMLReporter -->
<testsuite ignored="0" hostname="SASHA" failures="0" tests="3" name="Default test" time="21.012" errors="0" timestamp="2025-07-05T12:48:25 IST">
  <testcase classname="tests.RequestLoanTest" name="testLoanExceedingLimit" time="2.01"/>
  <testcase classname="tests.RequestLoanTest" name="testMissingLoanDetails" time="0.762"/>
  <testcase classname="tests.RequestLoanTest" name="testValidLoanRequest" time="1.336"/>
</testsuite> <!-- Default test -->
