<?xml version="1.0" encoding="UTF-8"?>
<!-- Generated by org.testng.reporters.JUnitXMLReporter -->
<testsuite ignored="23" hostname="SASHA" failures="0" tests="19" name="CrossBrowserTests" time="0.203" errors="0" timestamp="2025-07-09T20:29:04 IST">
  <testcase classname="base.TestBaseSuite" name="@BeforeSuite setupSuite" time="52.758">
    <failure type="org.openqa.selenium.TimeoutException" message="Expected condition failed: waiting for visibility of element located by By.name: username (tried for 10 second(s) with 500 milliseconds interval)
Build info: version: &amp;apos;4.21.0&amp;apos;, revision: &amp;apos;79ed462ef4&amp;apos;
System info: os.name: &amp;apos;Windows 11&amp;apos;, os.arch: &amp;apos;amd64&amp;apos;, os.version: &amp;apos;10.0&amp;apos;, java.version: &amp;apos;21.0.7&amp;apos;
Driver info: org.openqa.selenium.chrome.ChromeDriver
Capabilities {acceptInsecureCerts: false, browserName: chrome, browserVersion: 138.0.7204.97, chrome: {chromedriverVersion: 138.0.7204.94 (545025748884..., userDataDir: C:\Users\saran\AppData\Loca...}, fedcm:accounts: true, goog:chromeOptions: {debuggerAddress: localhost:61319}, networkConnectionEnabled: false, pageLoadStrategy: normal, platformName: windows, proxy: Proxy(), se:cdp: ws://localhost:61319/devtoo..., se:cdpVersion: 138.0.7204.97, setWindowRect: true, strictFileInteractability: false, timeouts: {implicit: 0, pageLoad: 300000, script: 30000}, unhandledPromptBehavior: dismiss and notify, webauthn:extension:credBlob: true, webauthn:extension:largeBlob: true, webauthn:extension:minPinLength: true, webauthn:extension:prf: true, webauthn:virtualAuthenticators: true}
Session ID: 32aa15fd150adbbf2d59c07f44d27e4e">
      <![CDATA[org.openqa.selenium.TimeoutException: Expected condition failed: waiting for visibility of element located by By.name: username (tried for 10 second(s) with 500 milliseconds interval)
Build info: version: '4.21.0', revision: '79ed462ef4'
System info: os.name: 'Windows 11', os.arch: 'amd64', os.version: '10.0', java.version: '21.0.7'
Driver info: org.openqa.selenium.chrome.ChromeDriver
Capabilities {acceptInsecureCerts: false, browserName: chrome, browserVersion: 138.0.7204.97, chrome: {chromedriverVersion: 138.0.7204.94 (545025748884..., userDataDir: C:\Users\saran\AppData\Loca...}, fedcm:accounts: true, goog:chromeOptions: {debuggerAddress: localhost:61319}, networkConnectionEnabled: false, pageLoadStrategy: normal, platformName: windows, proxy: Proxy(), se:cdp: ws://localhost:61319/devtoo..., se:cdpVersion: 138.0.7204.97, setWindowRect: true, strictFileInteractability: false, timeouts: {implicit: 0, pageLoad: 300000, script: 30000}, unhandledPromptBehavior: dismiss and notify, webauthn:extension:credBlob: true, webauthn:extension:largeBlob: true, webauthn:extension:minPinLength: true, webauthn:extension:prf: true, webauthn:virtualAuthenticators: true}
Session ID: 32aa15fd150adbbf2d59c07f44d27e4e
at org.openqa.selenium.support.ui.WebDriverWait.timeoutException(WebDriverWait.java:84)
at org.openqa.selenium.support.ui.FluentWait.until(FluentWait.java:228)
at pages.LoginPage.enterUsername(LoginPage.java:32)
at pages.LoginPage.login(LoginPage.java:26)
at base.TestBaseSuite.setupSuite(TestBaseSuite.java:22)
... Removed 17 stack frames]]>
    </failure>
  </testcase> <!-- @BeforeSuite setupSuite -->
  <testcase classname="tests.FundsTransferTest" name="@BeforeClass setUpPages" time="0.0">
    <skipped/>
  </testcase> <!-- @BeforeClass setUpPages -->
  <testcase classname="tests.TransactionSearchTest" name="@BeforeClass setup" time="0.0">
    <skipped/>
  </testcase> <!-- @BeforeClass setup -->
  <testcase classname="tests.RequestLoanTest" name="@BeforeClass setUpPages" time="0.0">
    <skipped/>
  </testcase> <!-- @BeforeClass setUpPages -->
  <testcase classname="tests.RequestLoanTest" name="@BeforeMethod goToRequestLoanPage" time="0.0">
    <skipped/>
  </testcase> <!-- @BeforeMethod goToRequestLoanPage -->
  <testcase classname="tests.RequestLoanTest" name="@BeforeMethod goToRequestLoanPage" time="0.0">
    <skipped/>
  </testcase> <!-- @BeforeMethod goToRequestLoanPage -->
  <testcase classname="tests.RequestLoanTest" name="@BeforeMethod goToRequestLoanPage" time="0.0">
    <skipped/>
  </testcase> <!-- @BeforeMethod goToRequestLoanPage -->
  <testcase classname="tests.CustomerSupportTest" name="@BeforeClass setUpPages" time="0.0">
    <skipped/>
  </testcase> <!-- @BeforeClass setUpPages -->
  <testcase classname="tests.LoginTest" name="loginWithEmptyFields" time="0.0">
    <skipped/>
  </testcase> <!-- loginWithEmptyFields -->
  <testcase classname="tests.LoginTest" name="loginWithInvalidEmailFormat" time="0.0">
    <skipped/>
  </testcase> <!-- loginWithInvalidEmailFormat -->
  <testcase classname="tests.LoginTest" name="loginWithInvalidPassword" time="0.0">
    <skipped/>
  </testcase> <!-- loginWithInvalidPassword -->
  <testcase classname="tests.LoginTest" name="loginWithUnregisteredUser" time="0.0">
    <skipped/>
  </testcase> <!-- loginWithUnregisteredUser -->
  <testcase classname="tests.LoginTest" name="loginWithValidCredentials" time="0.0">
    <skipped/>
  </testcase> <!-- loginWithValidCredentials -->
  <testcase classname="tests.AccountTest" name="viewCheckingAccountSummary" time="0.0">
    <skipped/>
  </testcase> <!-- viewCheckingAccountSummary -->
  <testcase classname="tests.AccountTest" name="viewSavingsAccountSummary" time="0.0">
    <skipped/>
  </testcase> <!-- viewSavingsAccountSummary -->
  <testcase classname="tests.FundsTransferTest" name="testInvalidFundTransfer" time="0.0">
    <skipped/>
  </testcase> <!-- testInvalidFundTransfer -->
  <testcase classname="tests.FundsTransferTest" name="testValidFundTransfer" time="0.0">
    <skipped/>
  </testcase> <!-- testValidFundTransfer -->
  <testcase classname="tests.TransactionSearchTest" name="testSearchByAmount" time="0.0">
    <skipped/>
  </testcase> <!-- testSearchByAmount -->
  <testcase classname="tests.TransactionSearchTest" name="testSearchByDate" time="0.0">
    <skipped/>
  </testcase> <!-- testSearchByDate -->
  <testcase classname="tests.TransactionSearchTest" name="testSearchByDateRange" time="0.0">
    <skipped/>
  </testcase> <!-- testSearchByDateRange -->
  <testcase classname="tests.TransactionSearchTest" name="testSearchByTransactionId" time="0.0">
    <skipped/>
  </testcase> <!-- testSearchByTransactionId -->
  <testcase classname="tests.RequestLoanTest" name="testLoanExceedingLimit" time="0.0">
    <skipped/>
  </testcase> <!-- testLoanExceedingLimit -->
  <testcase classname="tests.RequestLoanTest" name="testMissingLoanDetails" time="0.0">
    <skipped/>
  </testcase> <!-- testMissingLoanDetails -->
  <testcase classname="tests.RequestLoanTest" name="testValidLoanRequest" time="0.0">
    <skipped/>
  </testcase> <!-- testValidLoanRequest -->
  <testcase classname="tests.CustomerSupportTest" name="testSubmitFormWithEmptyFields" time="0.0">
    <skipped/>
  </testcase> <!-- testSubmitFormWithEmptyFields -->
  <testcase classname="tests.CustomerSupportTest" name="testSubmitFormWithValidDetails" time="0.0">
    <skipped/>
  </testcase> <!-- testSubmitFormWithValidDetails -->
  <testcase classname="tests.CustomerSupportTest" name="testVerifySuccessMessage" time="0.0">
    <skipped/>
  </testcase> <!-- testVerifySuccessMessage -->
  <testcase classname="base.TestBaseSuite" name="@BeforeSuite setupSuite" time="0.0">
    <ignored/>
  </testcase> <!-- @BeforeSuite setupSuite -->
  <testcase classname="base.TestBaseSuite" name="@BeforeSuite setupSuite" time="0.0">
    <ignored/>
  </testcase> <!-- @BeforeSuite setupSuite -->
  <testcase classname="base.BaseTest" name="@AfterSuite flushReport" time="0.0">
    <ignored/>
  </testcase> <!-- @AfterSuite flushReport -->
  <testcase classname="base.BaseTest" name="@BeforeSuite startExtentReport" time="0.0">
    <ignored/>
  </testcase> <!-- @BeforeSuite startExtentReport -->
  <testcase classname="tests.LoginTest" name="verifyPasswordFieldIsMasked" time="0.0">
    <ignored/>
  </testcase> <!-- verifyPasswordFieldIsMasked -->
  <testcase classname="base.TestBaseSuite" name="@AfterSuite teardownSuite" time="0.0">
    <ignored/>
  </testcase> <!-- @AfterSuite teardownSuite -->
  <testcase classname="base.BaseTest" name="@BeforeSuite startExtentReport" time="0.0">
    <ignored/>
  </testcase> <!-- @BeforeSuite startExtentReport -->
  <testcase classname="base.TestBaseSuite" name="@BeforeSuite setupSuite" time="0.0">
    <ignored/>
  </testcase> <!-- @BeforeSuite setupSuite -->
  <testcase classname="tests.LoginTest" name="sessionTimeoutTest" time="0.0">
    <ignored/>
  </testcase> <!-- sessionTimeoutTest -->
  <testcase classname="base.BaseTest" name="@AfterSuite flushReport" time="0.0">
    <ignored/>
  </testcase> <!-- @AfterSuite flushReport -->
  <testcase classname="base.TestBaseSuite" name="@AfterSuite teardownSuite" time="0.0">
    <ignored/>
  </testcase> <!-- @AfterSuite teardownSuite -->
  <testcase classname="base.TestBaseSuite" name="@AfterSuite teardownSuite" time="0.0">
    <ignored/>
  </testcase> <!-- @AfterSuite teardownSuite -->
  <testcase classname="base.BaseTest" name="@AfterSuite flushReport" time="0.0">
    <ignored/>
  </testcase> <!-- @AfterSuite flushReport -->
  <testcase classname="base.BaseTest" name="@AfterSuite flushReport" time="0.0">
    <ignored/>
  </testcase> <!-- @AfterSuite flushReport -->
  <testcase classname="base.BaseTest" name="@AfterSuite flushReport" time="0.0">
    <ignored/>
  </testcase> <!-- @AfterSuite flushReport -->
  <testcase classname="base.TestBaseSuite" name="@AfterSuite teardownSuite" time="0.0">
    <ignored/>
  </testcase> <!-- @AfterSuite teardownSuite -->
  <testcase classname="tests.LoginTest" name="rememberMeFunctionality" time="0.0">
    <ignored/>
  </testcase> <!-- rememberMeFunctionality -->
  <testcase classname="base.BaseTest" name="@BeforeSuite startExtentReport" time="0.0">
    <ignored/>
  </testcase> <!-- @BeforeSuite startExtentReport -->
  <testcase classname="base.TestBaseSuite" name="@BeforeSuite setupSuite" time="0.0">
    <ignored/>
  </testcase> <!-- @BeforeSuite setupSuite -->
  <testcase classname="base.TestBaseSuite" name="@BeforeSuite setupSuite" time="0.0">
    <ignored/>
  </testcase> <!-- @BeforeSuite setupSuite -->
  <testcase classname="base.TestBaseSuite" name="@AfterSuite teardownSuite" time="0.0">
    <ignored/>
  </testcase> <!-- @AfterSuite teardownSuite -->
  <testcase classname="base.BaseTest" name="@BeforeSuite startExtentReport" time="0.0">
    <ignored/>
  </testcase> <!-- @BeforeSuite startExtentReport -->
  <testcase classname="base.BaseTest" name="@BeforeSuite startExtentReport" time="0.0">
    <ignored/>
  </testcase> <!-- @BeforeSuite startExtentReport -->
</testsuite> <!-- CrossBrowserTests -->
